[0;36mafl-fuzz [1;97m2.52b[0m by <lcamtuf@google.com>
[1;92m[+] [0mLooks like we're not running on a tty, so I'll be a bit less verbose.[0m
[1;92m[+] [0mYou have 4 CPU cores and 6 runnable tasks (utilization: 150%).[0m
[1;94m[*] [0mChecking CPU core loadout...[0m
[1;92m[+] [0mFound a free CPU core, binding to #1.[0m
[1;94m[*] [0mChecking core_pattern...[0m
[1;94m[*] [0mSetting up output directories...[0m
[1;94m[*] [0mScanning 'work_dir/floppy_simpl3.cil-1.c/input'...[0m
[1;92m[+] [0mNo auto-generated dictionary tokens to reuse.[0m
[1;94m[*] [0mCreating hard links for all input files...[0m
[1;94m[*] [0mLoading extra dictionary from 'work_dir/floppy_simpl3.cil-1.c/floppy_simpl3.cil-1.c.dict' (level 0)...[0m
[1;92m[+] [0mLoaded 28 extra tokens, size range 1 B to 44 B.[0m
[1;93m[!] [1;97mWARNING: [0mSome tokens are relatively large (44 B) - consider trimming.[0m
[1;94m[*] [0mValidating target binary...[0m
[1;94m[*] [0mAttempting dry run with 'id:000000,orig:seed-0'...[0m
[1;94m[*] [0mSpinning up the fork server...[0m
[1;92m[+] [0mAll right - fork server is up.[0m
[1;90m    len = 4, map size = 43, exec speed = 1689 us
[0m[1;92m[+] [0mAll test cases processed.[0m

[1;92m[+] [0mHere are some useful stats:

[1;90m    Test case count : [0m1 favored, 0 variable, 1 total
[1;90m       Bitmap range : [0m43 to 43 bits (average: 43.00 bits)
[1;90m        Exec timing : [0m1689 to 1689 us (average: 1689 us)
[0m
[1;94m[*] [0mNo -t option specified, so I'll use exec timeout of 20 ms.[0m
[1;92m[+] [0mAll set and ready to roll![0m
[1;94m[*] [0mEntering queue cycle 1.[0m
[1;94m[*] [0mFuzzing test case #0 (1 total, 0 uniq crashes found)...[0m
[1;94m[*] [0mFuzzing test case #1 (2 total, 0 uniq crashes found)...[0m
[1;94m[*] [0mEntering queue cycle 2.[0m
[1;94m[*] [0mFuzzing test case #0 (2 total, 0 uniq crashes found)...[0m
[1;94m[*] [0mFuzzing test case #1 (2 total, 0 uniq crashes found)...[0m
[1;94m[*] [0mEntering queue cycle 3.[0m
[1;94m[*] [0mFuzzing test case #0 (2 total, 0 uniq crashes found)...[0m
[1;94m[*] [0mFuzzing test case #1 (2 total, 0 uniq crashes found)...[0m
[1;94m[*] [0mEntering queue cycle 4.[0m
[1;94m[*] [0mFuzzing test case #0 (2 total, 0 uniq crashes found)...[0m
[1;94m[*] [0mFuzzing test case #1 (2 total, 0 uniq crashes found)...[0m
[1;94m[*] [0mEntering queue cycle 5.[0m
[1;94m[*] [0mFuzzing test case #0 (2 total, 0 uniq crashes found)...[0m
[1;94m[*] [0mFuzzing test case #1 (2 total, 0 uniq crashes found)...[0m
[1;94m[*] [0mEntering queue cycle 6.[0m
[1;94m[*] [0mFuzzing test case #0 (2 total, 0 uniq crashes found)...[0m
[1;94m[*] [0mFuzzing test case #1 (2 total, 0 uniq crashes found)...[0m
[1;94m[*] [0mEntering queue cycle 7.[0m
[1;94m[*] [0mFuzzing test case #0 (2 total, 0 uniq crashes found)...[0m
[1;94m[*] [0mFuzzing test case #1 (2 total, 0 uniq crashes found)...[0m
[1;94m[*] [0mEntering queue cycle 8.[0m
[1;94m[*] [0mFuzzing test case #0 (2 total, 0 uniq crashes found)...[0m
[1;94m[*] [0mFuzzing test case #1 (2 total, 0 uniq crashes found)...[0m
[1;94m[*] [0mEntering queue cycle 9.[0m
[1;94m[*] [0mFuzzing test case #0 (2 total, 0 uniq crashes found)...[0m
[1;94m[*] [0mFuzzing test case #1 (2 total, 0 uniq crashes found)...[0m
[1;94m[*] [0mEntering queue cycle 10.[0m
[1;94m[*] [0mFuzzing test case #0 (2 total, 0 uniq crashes found)...[0m
[?25h[1;91m

+++ Testing aborted by user +++
[0m[1;92m[+] [0mWe're done here. Have a nice day!
[0m
